<?xml version="1.0" encoding="UTF-8"?>
<!-- Generated by org.testng.reporters.JUnitReportReporter -->
<testsuite hostname="QT-INBG-LT0221" failures="0" tests="5" name="Ameer.Mobiles_World.SignIN" time="47.610" errors="0" timestamp="2022-06-16T21:27:27 IST" skipped="0">
  <testcase classname="Ameer.Mobiles_World.SignIN" name="homePageNavigation" time="10.708"/>
  <system-out/>
  <testcase classname="Ameer.Mobiles_World.SignIN" name="homePageNavigation" time="8.476"/>
  <system-out/>
  <testcase classname="Ameer.Mobiles_World.SignIN" name="homePageNavigation" time="9.473"/>
  <system-out/>
  <testcase classname="Ameer.Mobiles_World.SignIN" name="homePageNavigation" time="10.453"/>
  <system-out/>
  <testcase classname="Ameer.Mobiles_World.SignIN" name="homePageNavigation" time="8.500"/>
  <system-out/>
</testsuite> <!-- Ameer.Mobiles_World.SignIN -->
