<?xml version="1.0" encoding="UTF-8"?>
<!-- Generated by org.testng.reporters.JUnitReportReporter -->
<testsuite hostname="QT-INBG-LT0221" failures="0" tests="1" name="Ameer.Mobiles_World.SignUP" time="15.730" errors="0" timestamp="2022-06-16T21:27:27 IST" skipped="0">
  <testcase classname="Ameer.Mobiles_World.SignUP" name="Regnavigation" time="15.730"/>
  <system-out/>
</testsuite> <!-- Ameer.Mobiles_World.SignUP -->
