<?xml version="1.0" encoding="UTF-8"?>
<!-- Generated by org.testng.reporters.JUnitReportReporter -->
<testsuite hostname="QT-INBG-LT0221" failures="0" tests="2" name="Ameer.Mobiles_World.Orderpage" time="22.551" errors="0" timestamp="2022-06-16T21:31:59 IST" skipped="0">
  <testcase classname="Ameer.Mobiles_World.Orderpage" name="OrderNavigation" time="12.495"/>
  <system-out/>
  <testcase classname="Ameer.Mobiles_World.Orderpage" name="OrderNavigation" time="10.056"/>
  <system-out/>
</testsuite> <!-- Ameer.Mobiles_World.Orderpage -->
