<?xml version="1.0" encoding="UTF-8"?>
<!-- Generated by org.testng.reporters.JUnitReportReporter -->
<testsuite hostname="QT-INBG-LT0221" failures="0" tests="1" name="Ameer.Mobiles_World.All_mobiles" time="13.233" errors="0" timestamp="2022-06-16T21:27:27 IST" skipped="0">
  <testcase classname="Ameer.Mobiles_World.All_mobiles" name="SpecficorderNavigation" time="13.233"/>
  <system-out/>
</testsuite> <!-- Ameer.Mobiles_World.All_mobiles -->
