<?xml version="1.0" encoding="UTF-8"?>
<!-- Generated by org.testng.reporters.JUnitReportReporter -->
<testsuite hostname="QT-INBG-LT0221" failures="0" tests="3" name="Ameer.Mobiles_World.Latestpage" time="29.368" errors="0" timestamp="2022-06-16T09:05:56 IST" skipped="0">
  <testcase classname="Ameer.Mobiles_World.Latestpage" name="LenovoNavigation" time="8.536"/>
  <system-out/>
  <testcase classname="Ameer.Mobiles_World.Latestpage" name="SamsungNavigation" time="10.364"/>
  <system-out/>
  <testcase classname="Ameer.Mobiles_World.Latestpage" name="AppleNavigation" time="10.468"/>
  <system-out/>
</testsuite> <!-- Ameer.Mobiles_World.Latestpage -->
