<?xml version="1.0" encoding="UTF-8"?>
<!-- Generated by org.testng.reporters.JUnitReportReporter -->
<testsuite hostname="QT-INBG-LT0221" failures="0" tests="5" name="SignIN" time="50.971" errors="0" timestamp="2022-06-16T21:27:27 IST" skipped="0">
  <testcase classname="SignIN" name="homePageNavigation" time="9.170"/>
  <system-out/>
  <testcase classname="SignIN" name="homePageNavigation" time="8.676"/>
  <system-out/>
  <testcase classname="SignIN" name="homePageNavigation" time="11.077"/>
  <system-out/>
  <testcase classname="SignIN" name="homePageNavigation" time="10.324"/>
  <system-out/>
  <testcase classname="SignIN" name="homePageNavigation" time="11.724"/>
  <system-out/>
</testsuite> <!-- SignIN -->
